#
# A fatal error has been detected by the Java Runtime Environment:
#
#  EXCEPTION_ACCESS_VIOLATION (0xc0000005) at pc=0x000000006539539b, pid=15792, tid=0x0000000000001c34
#
# JRE version: Java(TM) SE Runtime Environment (8.0_201-b09) (build 1.8.0_201-b09)
# Java VM: Java HotSpot(TM) 64-Bit Server VM (25.201-b09 mixed mode windows-amd64 compressed oops)
# Problematic frame:
# V  [jvm.dll+0x11539b]
#
# Failed to write core dump. Minidumps are not enabled by default on client versions of Windows
#
# If you would like to submit a bug report, please visit:
#   http://bugreport.java.com/bugreport/crash.jsp
#

---------------  T H R E A D  ---------------

Current thread (0x000000000290a000):  GCTaskThread [stack: 0x0000000012070000,0x0000000012170000] [id=7220]

siginfo: ExceptionCode=0xc0000005, reading address 0x0000000700062dc8

Registers:
RAX=0x0000000012370000, RBX=0x00000000e229e3e8, RCX=0x0000000000000003, RDX=0x0000000000000001
RSP=0x000000001216f620, RBP=0x00000000e27e6f2c, RSI=0x00000000029ddbb0, RDI=0x00000000029ddbb0
R8 =0x0000000700062dc0, R9 =0x000000010093a738, R10=0x000000000000000c, R11=0x0000000065886728
R12=0x00000000e27e6f54, R13=0x000000010093ab68, R14=0x000000010093ab70, R15=0x00000000e27e6f20
RIP=0x000000006539539b, EFLAGS=0x0000000000010206

Top of Stack: (sp=0x000000001216f620)
0x000000001216f620:   000000010093a738 00000000e281b498
0x000000001216f630:   0000000000000007 000000006549e972
0x000000001216f640:   0000000000000000 00000000000003d8
0x000000001216f650:   000000000290aaf8 0000000002900fa0
0x000000001216f660:   0000000000003aa6 000000006567b8b0
0x000000001216f670:   00000000144f5570 0000000013ce55a0
0x000000001216f680:   00000000029ddbb0 000000000290a720
0x000000001216f690:   0000000000000000 0000000000000c00
0x000000001216f6a0:   0000000000000000 0000000000000000
0x000000001216f6b0:   0000000000000000 00000000204b0800
0x000000001216f6c0:   0000000000000001 0000690100003f01
0x000000001216f6d0:   0000e5698b53dc40 000000000290aaf8
0x000000001216f6e0:   000000000290a720 00000000000003d8
0x000000001216f6f0:   000000000290a720 0000000002900fa0
0x000000001216f700:   000000000290a710 0000000013ce55a0
0x000000001216f710:   00000000029ddbb0 0000000065678813 

Instructions: (pc=0x000000006539539b)
0x000000006539537b:   70 00 84 d2 74 16 44 8b 43 08 8b 0d dd 34 69 00
0x000000006539538b:   49 d3 e0 4c 03 05 cb 34 69 00 eb 04 4c 8b 43 08
0x000000006539539b:   45 8b 48 08 45 85 c9 7e 0c 41 f6 c1 01 75 4b 41
0x00000000653953ab:   c1 f9 03 eb 57 79 43 84 d2 41 8b c9 b8 10 00 00 


Register to memory mapping:

RAX=0x0000000012370000 is an unknown value
RBX=0x00000000e229e3e8 is pointing into object: 0x00000000e229e3e0
java.lang.ref.WeakReference 
 - klass: 'java/lang/ref/WeakReference'
RCX=0x0000000000000003 is an unknown value
RDX=0x0000000000000001 is an unknown value
RSP=0x000000001216f620 is an unknown value
RBP=0x00000000e27e6f2c is pointing into object: 0x00000000e27e6f20
com.android.repository.impl.generated.v1.RemotePackage 
 - klass: 'com/android/repository/impl/generated/v1/RemotePackage'
RSI=0x00000000029ddbb0 is an unknown value
RDI=0x00000000029ddbb0 is an unknown value
R8 =0x0000000700062dc0 is an unknown value
R9 =0x000000010093a738 is pointing into metadata
R10=0x000000000000000c is an unknown value
R11=0x0000000065886728 is an unknown value
R12=0x00000000e27e6f54 is pointing into object: 0x00000000e27e6f20
com.android.repository.impl.generated.v1.RemotePackage 
 - klass: 'com/android/repository/impl/generated/v1/RemotePackage'
R13=0x000000010093ab68 is pointing into metadata
R14=0x000000010093ab70 is pointing into metadata
R15=0x00000000e27e6f20 is an oop
com.android.repository.impl.generated.v1.RemotePackage 
 - klass: 'com/android/repository/impl/generated/v1/RemotePackage'


Stack: [0x0000000012070000,0x0000000012170000],  sp=0x000000001216f620,  free space=1021k
Native frames: (J=compiled Java code, j=interpreted, Vv=VM code, C=native code)
V  [jvm.dll+0x11539b]
V  [jvm.dll+0x3fb8b0]
V  [jvm.dll+0x3f8813]
V  [jvm.dll+0x3f665e]
V  [jvm.dll+0x29fb6a]
C  [msvcr100.dll+0x21db7]
C  [msvcr100.dll+0x21e53]
C  [KERNEL32.DLL+0x17034]
C  [ntdll.dll+0x4cec1]


---------------  P R O C E S S  ---------------

Java Threads: ( => current thread )
  0x00000000204b0800 JavaThread "Cache worker for Java compile cache (D:\My Space\Learning space\React Native\react-native\learning\android\.gradle\6.2\javaCompile)" [_thread_blocked, id=9424, stack(0x00000000249c0000,0x0000000024ac0000)]
  0x00000000204ad800 JavaThread "Cache worker for Java compile cache (C:\Users\Islam\.gradle\caches\6.2\javaCompile)" [_thread_blocked, id=3912, stack(0x00000000248c0000,0x00000000249c0000)]
  0x00000000204ae000 JavaThread "stdout" [_thread_in_native, id=7676, stack(0x00000000247c0000,0x00000000248c0000)]
  0x00000000204ab000 JavaThread "stderr" [_thread_in_native, id=15112, stack(0x00000000246c0000,0x00000000247c0000)]
  0x00000000204a9000 JavaThread "stdout" [_thread_in_native, id=16984, stack(0x00000000245c0000,0x00000000246c0000)]
  0x00000000204a9800 JavaThread "stderr" [_thread_in_native, id=4612, stack(0x00000000244c0000,0x00000000245c0000)]
  0x00000000204ac800 JavaThread "stdout" [_thread_in_native, id=6388, stack(0x00000000243c0000,0x00000000244c0000)]
  0x0000000015e36000 JavaThread "stderr" [_thread_in_native, id=6248, stack(0x00000000242c0000,0x00000000243c0000)]
  0x0000000015e34000 JavaThread "stdout" [_thread_in_native, id=4076, stack(0x00000000241c0000,0x00000000242c0000)]
  0x0000000015e39000 JavaThread "stderr" [_thread_in_native, id=8472, stack(0x00000000240c0000,0x00000000241c0000)]
  0x0000000015e37000 JavaThread "pool-3-thread-1" [_thread_blocked, id=14876, stack(0x0000000023dc0000,0x0000000023ec0000)]
  0x0000000015e35800 JavaThread "WorkerExecutor Queue Thread 4" [_thread_blocked, id=1368, stack(0x0000000023cc0000,0x0000000023dc0000)]
  0x0000000015e38800 JavaThread "WorkerExecutor Queue Thread 3" [_thread_blocked, id=15072, stack(0x0000000023bc0000,0x0000000023cc0000)]
  0x0000000015e34800 JavaThread "WorkerExecutor Queue Thread 2" [_thread_blocked, id=3164, stack(0x0000000023ac0000,0x0000000023bc0000)]
  0x0000000015e37800 JavaThread "WorkerExecutor Queue" [_thread_blocked, id=16260, stack(0x0000000022730000,0x0000000022830000)]
  0x0000000015e2c800 JavaThread "Cache worker for execution history cache (D:\My Space\Learning space\React Native\react-native\learning\android\.gradle\6.2\executionHistory)" [_thread_blocked, id=17092, stack(0x0000000022630000,0x0000000022730000)]
  0x0000000015e32800 JavaThread "Execution worker for ':' Thread 3" [_thread_blocked, id=7936, stack(0x0000000022330000,0x0000000022430000)]
  0x0000000015e2b800 JavaThread "Execution worker for ':' Thread 2" [_thread_blocked, id=16060, stack(0x0000000022230000,0x0000000022330000)]
  0x0000000015e31000 JavaThread "Execution worker for ':'" [_thread_blocked, id=13556, stack(0x0000000022130000,0x0000000022230000)]
  0x0000000015e2b000 JavaThread "Cache worker for file content cache (D:\My Space\Learning space\React Native\react-native\learning\android\.gradle\6.2\fileContent)" [_thread_blocked, id=5588, stack(0x0000000020050000,0x0000000020150000)]
  0x0000000015e31800 JavaThread "Cache worker for file content cache (C:\Users\Islam\.gradle\caches\6.2\fileContent)" [_thread_blocked, id=10092, stack(0x000000001ee90000,0x000000001ef90000)]
  0x0000000015e2d000 JavaThread "Memory manager" [_thread_blocked, id=13356, stack(0x000000001e990000,0x000000001ea90000)]
  0x0000000015e2a000 JavaThread "Cache worker for Build Output Cleanup Cache (D:\My Space\Learning space\React Native\react-native\learning\android\.gradle\buildOutputCleanup)" [_thread_blocked, id=1520, stack(0x0000000000dd0000,0x0000000000ed0000)]
  0x0000000015e30000 JavaThread "Build operations Thread 4" [_thread_blocked, id=8212, stack(0x000000001e290000,0x000000001e390000)]
  0x0000000015e2e800 JavaThread "Build operations Thread 3" [_thread_blocked, id=16812, stack(0x000000001e190000,0x000000001e290000)]
  0x0000000015e2e000 JavaThread "Build operations Thread 2" [_thread_blocked, id=17284, stack(0x000000001e090000,0x000000001e190000)]
  0x0000000015e2f800 JavaThread "Build operations" [_thread_blocked, id=9076, stack(0x000000001df90000,0x000000001e090000)]
  0x00000000174b5800 JavaThread "Cache worker for execution history cache (C:\Users\Islam\.gradle\caches\6.2\executionHistory)" [_thread_blocked, id=5732, stack(0x000000001b750000,0x000000001b850000)]
  0x00000000174b4000 JavaThread "Cache worker for cache directory md-rule (C:\Users\Islam\.gradle\caches\6.2\md-rule)" [_thread_blocked, id=14496, stack(0x000000001b650000,0x000000001b750000)]
  0x00000000174b3000 JavaThread "Cache worker for cache directory md-supplier (C:\Users\Islam\.gradle\caches\6.2\md-supplier)" [_thread_blocked, id=15444, stack(0x000000001b350000,0x000000001b450000)]
  0x00000000174b9000 JavaThread "Cache worker for file hash cache (D:\My Space\Learning space\React Native\react-native\learning\android\.gradle\6.2\fileHashes)" [_thread_blocked, id=11332, stack(0x000000001b050000,0x000000001b150000)]
  0x00000000174b4800 JavaThread "Cache worker for checksums cache (D:\My Space\Learning space\React Native\react-native\learning\android\.gradle\checksums)" [_thread_blocked, id=17196, stack(0x000000001af50000,0x000000001b050000)]
  0x00000000174b8800 JavaThread "Cache worker for file hash cache (C:\Users\Islam\.gradle\caches\6.2\fileHashes)" [_thread_blocked, id=9184, stack(0x0000000018bb0000,0x0000000018cb0000)]
  0x00000000174ba000 JavaThread "File lock request listener" [_thread_in_native, id=9376, stack(0x0000000018ab0000,0x0000000018bb0000)]
  0x00000000174b7000 JavaThread "Cache worker for journal cache (C:\Users\Islam\.gradle\caches\journal-1)" [_thread_blocked, id=7372, stack(0x00000000189b0000,0x0000000018ab0000)]
  0x00000000156d2800 JavaThread "Thread-9" [_thread_blocked, id=8224, stack(0x00000000186b0000,0x00000000187b0000)]
  0x00000000156d1800 JavaThread "Stdin handler" [_thread_blocked, id=15804, stack(0x00000000185b0000,0x00000000186b0000)]
  0x000000001692d800 JavaThread "Asynchronous log dispatcher for DefaultDaemonConnection: socket connection from /127.0.0.1:56246 to /127.0.0.1:56247" [_thread_blocked, id=6348, stack(0x00000000184b0000,0x00000000185b0000)]
  0x000000001692c000 JavaThread "Daemon worker" [_thread_blocked, id=2560, stack(0x00000000183b0000,0x00000000184b0000)]
  0x000000001692a000 JavaThread "Cancel handler" [_thread_blocked, id=11168, stack(0x00000000182b0000,0x00000000183b0000)]
  0x0000000016929000 JavaThread "Handler for socket connection from /127.0.0.1:56246 to /127.0.0.1:56247" [_thread_in_native, id=17260, stack(0x0000000017fb0000,0x00000000180b0000)]
  0x0000000016928800 JavaThread "Daemon" [_thread_blocked, id=14000, stack(0x0000000017eb0000,0x0000000017fb0000)]
  0x0000000016a1a000 JavaThread "Daemon periodic checks" [_thread_blocked, id=12568, stack(0x0000000017db0000,0x0000000017eb0000)]
  0x0000000016a90800 JavaThread "Incoming local TCP Connector on port 56246" [_thread_in_native, id=13792, stack(0x0000000017b70000,0x0000000017c70000)]
  0x00000000168f6800 JavaThread "Daemon health stats" [_thread_blocked, id=13512, stack(0x0000000017530000,0x0000000017630000)]
  0x0000000015660800 JavaThread "Service Thread" daemon [_thread_blocked, id=15432, stack(0x0000000015b60000,0x0000000015c60000)]
  0x0000000013e6e000 JavaThread "C1 CompilerThread2" daemon [_thread_blocked, id=14148, stack(0x0000000015a60000,0x0000000015b60000)]
  0x0000000013e6a000 JavaThread "C2 CompilerThread1" daemon [_thread_blocked, id=15556, stack(0x0000000015560000,0x0000000015660000)]
  0x0000000013e20800 JavaThread "C2 CompilerThread0" daemon [_thread_blocked, id=7840, stack(0x0000000015460000,0x0000000015560000)]
  0x0000000013e1b000 JavaThread "Attach Listener" daemon [_thread_blocked, id=5904, stack(0x0000000015360000,0x0000000015460000)]
  0x0000000013e18000 JavaThread "Signal Dispatcher" daemon [_thread_blocked, id=15620, stack(0x0000000015260000,0x0000000015360000)]
  0x00000000029ec000 JavaThread "Finalizer" daemon [_thread_blocked, id=9304, stack(0x0000000015060000,0x0000000015160000)]
  0x0000000013dfa000 JavaThread "Reference Handler" daemon [_thread_blocked, id=17324, stack(0x0000000014f60000,0x0000000015060000)]
  0x00000000027be800 JavaThread "main" [_thread_blocked, id=7880, stack(0x00000000027c0000,0x00000000028c0000)]

Other Threads:
  0x0000000013dd7800 VMThread [stack: 0x0000000014e60000,0x0000000014f60000] [id=13156]
  0x00000000156da800 WatcherThread [stack: 0x0000000015c60000,0x0000000015d60000] [id=1920]

=>0x000000000290a000 (exited) GCTaskThread [stack: 0x0000000012070000,0x0000000012170000] [id=7220]

VM state:at safepoint (normal execution)

VM Mutex/Monitor currently owned by a thread:  ([mutex/lock_event])
[0x00000000028f0650] Threads_lock - owner thread: 0x0000000013dd7800
[0x00000000028f1c60] Heap_lock - owner thread: 0x0000000015e2b800

heap address: 0x00000000e0000000, size: 512 MB, Compressed Oops mode: 32-bit
Narrow klass base: 0x0000000000000000, Narrow klass shift: 3
Compressed class space size: 1073741824 Address: 0x0000000100000000

Heap:
 PSYoungGen      total 160256K, used 8451K [0x00000000f5580000, 0x0000000100000000, 0x0000000100000000)
  eden space 147456K, 0% used [0x00000000f5580000,0x00000000f5580000,0x00000000fe580000)
  from space 12800K, 66% used [0x00000000fe580000,0x00000000fedc0cd0,0x00000000ff200000)
  to   space 12800K, 0% used [0x00000000ff380000,0x00000000ff380000,0x0000000100000000)
 ParOldGen       total 269824K, used 263412K [0x00000000e0000000, 0x00000000f0780000, 0x00000000f5580000)
  object space 269824K, 97% used [0x00000000e0000000,0x00000000f013d1d8,0x00000000f0780000)
 Metaspace       used 99847K, capacity 104570K, committed 104832K, reserved 1140736K
  class space    used 12918K, capacity 13825K, committed 13952K, reserved 1048576K

Card table byte_map: [0x0000000011db0000,0x0000000011ec0000] byte_map_base: 0x00000000116b0000

Marking Bits: (ParMarkBitMap*) 0x0000000065aa4ce0
 Begin Bits: [0x0000000012370000, 0x0000000012b70000)
 End Bits:   [0x0000000012b70000, 0x0000000013370000)

Polling page: 0x0000000000f70000

CodeCache: size=245760Kb used=66684Kb max_used=66703Kb free=179075Kb
 bounds [0x00000000029f0000, 0x0000000006b80000, 0x00000000119f0000]
 total_blobs=19217 nmethods=18299 adapters=827
 compilation: enabled

Compilation events (10 events):
Event: 447.097 Thread 0x0000000013e6e000 23222       1       java.util.concurrent.atomic.AtomicReference::set (6 bytes)
Event: 447.097 Thread 0x0000000013e6e000 nmethod 23222 0x00000000063dcf10 code [0x00000000063dd060, 0x00000000063dd190]
Event: 447.100 Thread 0x0000000013e6a000 nmethod 22151 0x0000000006b4fa50 code [0x0000000006b50140, 0x0000000006b548c8]
Event: 447.100 Thread 0x0000000013e6a000 23079       4       com.android.tools.r8.ir.conversion.I::a (1343 bytes)
Event: 447.106 Thread 0x0000000013e20800 nmethod 23213 0x00000000063c8390 code [0x00000000063c8560, 0x00000000063c8d78]
Event: 447.107 Thread 0x0000000013e20800 22954 %     4       com.android.tools.r8.ir.code.IRCode::b @ 98 (1148 bytes)
Event: 447.188 Thread 0x0000000013e6e000 23224       2       com.android.tools.build.jetifier.processor.transform.bytecode.CoreRemapperImpl::rewritePath (146 bytes)
Event: 447.189 Thread 0x0000000013e6e000 nmethod 23224 0x00000000063dd790 code [0x00000000063dd9e0, 0x00000000063de0f8]
Event: 447.194 Thread 0x0000000013e6e000 23225       1       org.gradle.api.internal.provider.ValueSupplier$Present::pushWhenMissing (2 bytes)
Event: 447.194 Thread 0x0000000013e6e000 nmethod 23225 0x00000000063c80d0 code [0x00000000063c8220, 0x00000000063c8330]

GC Heap History (10 events):
Event: 443.994 GC heap after
Heap after GC invocations=91 (full 4):
 PSYoungGen      total 160256K, used 5119K [0x00000000f5580000, 0x0000000100000000, 0x0000000100000000)
  eden space 145920K, 0% used [0x00000000f5580000,0x00000000f5580000,0x00000000fe400000)
  from space 14336K, 35% used [0x00000000fe400000,0x00000000fe8ffde0,0x00000000ff200000)
  to   space 13824K, 0% used [0x00000000ff280000,0x00000000ff280000,0x0000000100000000)
 ParOldGen       total 269824K, used 249139K [0x00000000e0000000, 0x00000000f0780000, 0x00000000f5580000)
  object space 269824K, 92% used [0x00000000e0000000,0x00000000ef34ccb8,0x00000000f0780000)
 Metaspace       used 99798K, capacity 104506K, committed 104832K, reserved 1140736K
  class space    used 12918K, capacity 13825K, committed 13952K, reserved 1048576K
}
Event: 444.551 GC heap before
{Heap before GC invocations=92 (full 4):
 PSYoungGen      total 160256K, used 151039K [0x00000000f5580000, 0x0000000100000000, 0x0000000100000000)
  eden space 145920K, 100% used [0x00000000f5580000,0x00000000fe400000,0x00000000fe400000)
  from space 14336K, 35% used [0x00000000fe400000,0x00000000fe8ffde0,0x00000000ff200000)
  to   space 13824K, 0% used [0x00000000ff280000,0x00000000ff280000,0x0000000100000000)
 ParOldGen       total 269824K, used 249139K [0x00000000e0000000, 0x00000000f0780000, 0x00000000f5580000)
  object space 269824K, 92% used [0x00000000e0000000,0x00000000ef34ccb8,0x00000000f0780000)
 Metaspace       used 99798K, capacity 104506K, committed 104832K, reserved 1140736K
  class space    used 12918K, capacity 13825K, committed 13952K, reserved 1048576K
Event: 444.728 GC heap after
Heap after GC invocations=92 (full 4):
 PSYoungGen      total 159744K, used 4356K [0x00000000f5580000, 0x00000000fff80000, 0x0000000100000000)
  eden space 146432K, 0% used [0x00000000f5580000,0x00000000f5580000,0x00000000fe480000)
  from space 13312K, 32% used [0x00000000ff280000,0x00000000ff6c1070,0x00000000fff80000)
  to   space 13824K, 0% used [0x00000000fe480000,0x00000000fe480000,0x00000000ff200000)
 ParOldGen       total 269824K, used 252136K [0x00000000e0000000, 0x00000000f0780000, 0x00000000f5580000)
  object space 269824K, 93% used [0x00000000e0000000,0x00000000ef63a3b8,0x00000000f0780000)
 Metaspace       used 99798K, capacity 104506K, committed 104832K, reserved 1140736K
  class space    used 12918K, capacity 13825K, committed 13952K, reserved 1048576K
}
Event: 445.657 GC heap before
{Heap before GC invocations=93 (full 4):
 PSYoungGen      total 159744K, used 150788K [0x00000000f5580000, 0x00000000fff80000, 0x0000000100000000)
  eden space 146432K, 100% used [0x00000000f5580000,0x00000000fe480000,0x00000000fe480000)
  from space 13312K, 32% used [0x00000000ff280000,0x00000000ff6c1070,0x00000000fff80000)
  to   space 13824K, 0% used [0x00000000fe480000,0x00000000fe480000,0x00000000ff200000)
 ParOldGen       total 269824K, used 252136K [0x00000000e0000000, 0x00000000f0780000, 0x00000000f5580000)
  object space 269824K, 93% used [0x00000000e0000000,0x00000000ef63a3b8,0x00000000f0780000)
 Metaspace       used 99812K, capacity 104506K, committed 104832K, reserved 1140736K
  class space    used 12918K, capacity 13825K, committed 13952K, reserved 1048576K
Event: 445.686 GC heap after
Heap after GC invocations=93 (full 4):
 PSYoungGen      total 160256K, used 4486K [0x00000000f5580000, 0x00000000fff80000, 0x0000000100000000)
  eden space 146432K, 0% used [0x00000000f5580000,0x00000000f5580000,0x00000000fe480000)
  from space 13824K, 32% used [0x00000000fe480000,0x00000000fe8e1af0,0x00000000ff200000)
  to   space 13312K, 0% used [0x00000000ff280000,0x00000000ff280000,0x00000000fff80000)
 ParOldGen       total 269824K, used 255987K [0x00000000e0000000, 0x00000000f0780000, 0x00000000f5580000)
  object space 269824K, 94% used [0x00000000e0000000,0x00000000ef9fccb8,0x00000000f0780000)
 Metaspace       used 99812K, capacity 104506K, committed 104832K, reserved 1140736K
  class space    used 12918K, capacity 13825K, committed 13952K, reserved 1048576K
}
Event: 446.550 GC heap before
{Heap before GC invocations=94 (full 4):
 PSYoungGen      total 160256K, used 150918K [0x00000000f5580000, 0x00000000fff80000, 0x0000000100000000)
  eden space 146432K, 100% used [0x00000000f5580000,0x00000000fe480000,0x00000000fe480000)
  from space 13824K, 32% used [0x00000000fe480000,0x00000000fe8e1af0,0x00000000ff200000)
  to   space 13312K, 0% used [0x00000000ff280000,0x00000000ff280000,0x00000000fff80000)
 ParOldGen       total 269824K, used 255987K [0x00000000e0000000, 0x00000000f0780000, 0x00000000f5580000)
  object space 269824K, 94% used [0x00000000e0000000,0x00000000ef9fccb8,0x00000000f0780000)
 Metaspace       used 99831K, capacity 104506K, committed 104832K, reserved 1140736K
  class space    used 12918K, capacity 13825K, committed 13952K, reserved 1048576K
Event: 446.578 GC heap after
Heap after GC invocations=94 (full 4):
 PSYoungGen      total 159744K, used 5099K [0x00000000f5580000, 0x00000000ffe80000, 0x0000000100000000)
  eden space 147456K, 0% used [0x00000000f5580000,0x00000000f5580000,0x00000000fe580000)
  from space 12288K, 41% used [0x00000000ff280000,0x00000000ff77ac10,0x00000000ffe80000)
  to   space 12800K, 0% used [0x00000000fe580000,0x00000000fe580000,0x00000000ff200000)
 ParOldGen       total 269824K, used 260172K [0x00000000e0000000, 0x00000000f0780000, 0x00000000f5580000)
  object space 269824K, 96% used [0x00000000e0000000,0x00000000efe13060,0x00000000f0780000)
 Metaspace       used 99831K, capacity 104506K, committed 104832K, reserved 1140736K
  class space    used 12918K, capacity 13825K, committed 13952K, reserved 1048576K
}
Event: 447.203 GC heap before
{Heap before GC invocations=95 (full 4):
 PSYoungGen      total 159744K, used 152555K [0x00000000f5580000, 0x00000000ffe80000, 0x0000000100000000)
  eden space 147456K, 100% used [0x00000000f5580000,0x00000000fe580000,0x00000000fe580000)
  from space 12288K, 41% used [0x00000000ff280000,0x00000000ff77ac10,0x00000000ffe80000)
  to   space 12800K, 0% used [0x00000000fe580000,0x00000000fe580000,0x00000000ff200000)
 ParOldGen       total 269824K, used 260172K [0x00000000e0000000, 0x00000000f0780000, 0x00000000f5580000)
  object space 269824K, 96% used [0x00000000e0000000,0x00000000efe13060,0x00000000f0780000)
 Metaspace       used 99847K, capacity 104570K, committed 104832K, reserved 1140736K
  class space    used 12918K, capacity 13825K, committed 13952K, reserved 1048576K
Event: 447.226 GC heap after
Heap after GC invocations=95 (full 4):
 PSYoungGen      total 160256K, used 8451K [0x00000000f5580000, 0x0000000100000000, 0x0000000100000000)
  eden space 147456K, 0% used [0x00000000f5580000,0x00000000f5580000,0x00000000fe580000)
  from space 12800K, 66% used [0x00000000fe580000,0x00000000fedc0cd0,0x00000000ff200000)
  to   space 12800K, 0% used [0x00000000ff380000,0x00000000ff380000,0x0000000100000000)
 ParOldGen       total 269824K, used 263412K [0x00000000e0000000, 0x00000000f0780000, 0x00000000f5580000)
  object space 269824K, 97% used [0x00000000e0000000,0x00000000f013d1d8,0x00000000f0780000)
 Metaspace       used 99847K, capacity 104570K, committed 104832K, reserved 1140736K
  class space    used 12918K, capacity 13825K, committed 13952K, reserved 1048576K
}
Event: 447.226 GC heap before
{Heap before GC invocations=96 (full 5):
 PSYoungGen      total 160256K, used 8451K [0x00000000f5580000, 0x0000000100000000, 0x0000000100000000)
  eden space 147456K, 0% used [0x00000000f5580000,0x00000000f5580000,0x00000000fe580000)
  from space 12800K, 66% used [0x00000000fe580000,0x00000000fedc0cd0,0x00000000ff200000)
  to   space 12800K, 0% used [0x00000000ff380000,0x00000000ff380000,0x0000000100000000)
 ParOldGen       total 269824K, used 263412K [0x00000000e0000000, 0x00000000f0780000, 0x00000000f5580000)
  object space 269824K, 97% used [0x00000000e0000000,0x00000000f013d1d8,0x00000000f0780000)
 Metaspace       used 99847K, capacity 104570K, committed 104832K, reserved 1140736K
  class space    used 12918K, capacity 13825K, committed 13952K, reserved 1048576K

Deoptimization events (10 events):
Event: 435.116 Thread 0x0000000015e32800 Uncommon trap: reason=bimorphic action=maybe_recompile pc=0x0000000004704480 method=java.util.HashMap.removeNode(ILjava/lang/Object;Ljava/lang/Object;ZZ)Ljava/util/HashMap$Node; @ 143
Event: 435.140 Thread 0x0000000015e2b800 Uncommon trap: reason=class_check action=maybe_recompile pc=0x0000000006151b1c method=com.android.tools.r8.ir.conversion.U.a(Lcom/android/tools/r8/ir/conversion/T;)Z @ 4
Event: 437.058 Thread 0x0000000015e31000 Uncommon trap: reason=unstable_if action=reinterpret pc=0x000000000300ba70 method=java.util.HashMap.getNode(ILjava/lang/Object;)Ljava/util/HashMap$Node; @ 84
Event: 437.932 Thread 0x000000001692c000 Uncommon trap: reason=unstable_if action=reinterpret pc=0x0000000006a24500 method=com.android.tools.r8.ir.optimize.CodeRewriter.a(Lcom/android/tools/r8/ir/code/IRCode;Lcom/android/tools/r8/ir/code/BasicBlock;Lcom/android/tools/r8/m/a/a/a/X;Ljava/util/Map;
Event: 438.433 Thread 0x0000000015e31000 Uncommon trap: reason=bimorphic action=maybe_recompile pc=0x0000000004704480 method=java.util.HashMap.removeNode(ILjava/lang/Object;Ljava/lang/Object;ZZ)Ljava/util/HashMap$Node; @ 143
Event: 442.854 Thread 0x0000000015e31000 Uncommon trap: reason=class_check action=maybe_recompile pc=0x0000000006151b1c method=com.android.tools.r8.ir.conversion.U.a(Lcom/android/tools/r8/ir/conversion/T;)Z @ 4
Event: 442.933 Thread 0x0000000015e32800 Uncommon trap: reason=class_check action=maybe_recompile pc=0x0000000006151b1c method=com.android.tools.r8.ir.conversion.U.a(Lcom/android/tools/r8/ir/conversion/T;)Z @ 4
Event: 445.646 Thread 0x0000000015e31000 Uncommon trap: reason=unstable_if action=reinterpret pc=0x0000000003f8baf8 method=java.nio.Bits.copyFromArray(Ljava/lang/Object;JJJJ)V @ 18
Event: 445.754 Thread 0x0000000015e32800 Uncommon trap: reason=class_check action=maybe_recompile pc=0x0000000006b3e804 method=com.android.tools.r8.ir.optimize.g.a(Lcom/android/tools/r8/ir/code/IRCode;)V @ 218
Event: 447.089 Thread 0x0000000015e32800 Uncommon trap: reason=class_check action=maybe_recompile pc=0x0000000006b3e804 method=com.android.tools.r8.ir.optimize.g.a(Lcom/android/tools/r8/ir/code/IRCode;)V @ 218

Classes redefined (0 events):
No events

Internal exceptions (10 events):
Event: 446.187 Thread 0x0000000015e31000 Exception <a 'sun/nio/fs/WindowsException'> (0x00000000fb0ba718) thrown at [C:\re\workspace\8-2-build-windows-amd64-cygwin\jdk8u201\12322\hotspot\src\share\vm\prims\jni.cpp, line 709]
Event: 446.736 Thread 0x000000001692c000 Exception <a 'sun/nio/fs/WindowsException'> (0x00000000f736fbe0) thrown at [C:\re\workspace\8-2-build-windows-amd64-cygwin\jdk8u201\12322\hotspot\src\share\vm\prims\jni.cpp, line 709]
Event: 446.751 Thread 0x000000001692c000 Exception <a 'sun/nio/fs/WindowsException'> (0x00000000f792a310) thrown at [C:\re\workspace\8-2-build-windows-amd64-cygwin\jdk8u201\12322\hotspot\src\share\vm\prims\jni.cpp, line 709]
Event: 446.798 Thread 0x0000000015e31000 Exception <a 'sun/nio/fs/WindowsException'> (0x00000000f81303c8) thrown at [C:\re\workspace\8-2-build-windows-amd64-cygwin\jdk8u201\12322\hotspot\src\share\vm\prims\jni.cpp, line 709]
Event: 446.801 Thread 0x0000000015e31000 Exception <a 'sun/nio/fs/WindowsException'> (0x00000000f8163ef0) thrown at [C:\re\workspace\8-2-build-windows-amd64-cygwin\jdk8u201\12322\hotspot\src\share\vm\prims\jni.cpp, line 709]
Event: 446.810 Thread 0x0000000015e2b800 Exception <a 'sun/nio/fs/WindowsException'> (0x00000000f836a548) thrown at [C:\re\workspace\8-2-build-windows-amd64-cygwin\jdk8u201\12322\hotspot\src\share\vm\prims\jni.cpp, line 709]
Event: 446.877 Thread 0x000000001692c000 Exception <a 'sun/nio/fs/WindowsException'> (0x00000000f977bf68) thrown at [C:\re\workspace\8-2-build-windows-amd64-cygwin\jdk8u201\12322\hotspot\src\share\vm\prims\jni.cpp, line 709]
Event: 446.941 Thread 0x000000001692c000 Exception <a 'sun/nio/fs/WindowsException'> (0x00000000f9bb1fe8) thrown at [C:\re\workspace\8-2-build-windows-amd64-cygwin\jdk8u201\12322\hotspot\src\share\vm\prims\jni.cpp, line 709]
Event: 446.999 Thread 0x0000000015e2b800 Exception <a 'sun/nio/fs/WindowsException'> (0x00000000fb1aee50) thrown at [C:\re\workspace\8-2-build-windows-amd64-cygwin\jdk8u201\12322\hotspot\src\share\vm\prims\jni.cpp, line 709]
Event: 447.087 Thread 0x0000000015e31000 Exception <a 'sun/nio/fs/WindowsException'> (0x00000000fc2f6320) thrown at [C:\re\workspace\8-2-build-windows-amd64-cygwin\jdk8u201\12322\hotspot\src\share\vm\prims\jni.cpp, line 709]

Events (10 events):
Event: 447.099 Thread 0x0000000015e32800 DEOPT UNPACKING pc=0x0000000002a37890 sp=0x000000002242a5e8 mode 0
Event: 447.100 Thread 0x0000000015e31000 DEOPT PACKING pc=0x00000000061ecc4f sp=0x0000000022229ce0
Event: 447.100 Thread 0x0000000015e31000 DEOPT UNPACKING pc=0x0000000002a37890 sp=0x0000000022229d10 mode 0
Event: 447.101 Thread 0x0000000015e32800 DEOPT PACKING pc=0x00000000060e5922 sp=0x0000000022429cc0
Event: 447.101 Thread 0x0000000015e32800 DEOPT UNPACKING pc=0x0000000002a37890 sp=0x0000000022429d28 mode 0
Event: 447.136 Executing VM operation: ForceSafepoint
Event: 447.136 Executing VM operation: ForceSafepoint done
Event: 447.145 Thread 0x0000000015e32800 DEOPT PACKING pc=0x00000000060e58a5 sp=0x000000002242a0b0
Event: 447.145 Thread 0x0000000015e32800 DEOPT UNPACKING pc=0x0000000002a37890 sp=0x000000002242a118 mode 0
Event: 447.200 Executing VM operation: ParallelGCFailedAllocation


Dynamic libraries:
0x00007ff77b300000 - 0x00007ff77b337000 	C:\Program Files\Java\jdk1.8.0_201\bin\java.exe
0x00007ffd7e810000 - 0x00007ffd7ea06000 	C:\WINDOWS\SYSTEM32\ntdll.dll
0x00007ffd7d2b0000 - 0x00007ffd7d36d000 	C:\WINDOWS\System32\KERNEL32.DLL
0x00007ffd7bf80000 - 0x00007ffd7c248000 	C:\WINDOWS\System32\KERNELBASE.dll
0x00007ffd7cb70000 - 0x00007ffd7cc1c000 	C:\WINDOWS\System32\ADVAPI32.dll
0x00007ffd7c9b0000 - 0x00007ffd7ca4e000 	C:\WINDOWS\System32\msvcrt.dll
0x00007ffd7ce40000 - 0x00007ffd7cedb000 	C:\WINDOWS\System32\sechost.dll
0x00007ffd7cee0000 - 0x00007ffd7d004000 	C:\WINDOWS\System32\RPCRT4.dll
0x00007ffd7d370000 - 0x00007ffd7d510000 	C:\WINDOWS\System32\USER32.dll
0x00007ffd7c6d0000 - 0x00007ffd7c6f2000 	C:\WINDOWS\System32\win32u.dll
0x00007ffd7e7a0000 - 0x00007ffd7e7ca000 	C:\WINDOWS\System32\GDI32.dll
0x00007ffd7c700000 - 0x00007ffd7c809000 	C:\WINDOWS\System32\gdi32full.dll
0x00007ffd7c2a0000 - 0x00007ffd7c33d000 	C:\WINDOWS\System32\msvcp_win.dll
0x00007ffd7c5d0000 - 0x00007ffd7c6d0000 	C:\WINDOWS\System32\ucrtbase.dll
0x00007ffd7b080000 - 0x00007ffd7b31b000 	C:\WINDOWS\WinSxS\amd64_microsoft.windows.common-controls_6595b64144ccf1df_6.0.19041.488_none_ca04af081b815d21\COMCTL32.dll
0x00007ffd7cc20000 - 0x00007ffd7cc50000 	C:\WINDOWS\System32\IMM32.DLL
0x0000000065b30000 - 0x0000000065c01000 	C:\Program Files\Java\jdk1.8.0_201\jre\bin\msvcr100.dll
0x0000000065280000 - 0x0000000065b24000 	C:\Program Files\Java\jdk1.8.0_201\jre\bin\server\jvm.dll
0x00007ffd7cb60000 - 0x00007ffd7cb68000 	C:\WINDOWS\System32\PSAPI.DLL
0x00007ffd6ab30000 - 0x00007ffd6ab57000 	C:\WINDOWS\SYSTEM32\WINMM.dll
0x00007ffd6cb90000 - 0x00007ffd6cb9a000 	C:\WINDOWS\SYSTEM32\VERSION.dll
0x00007ffd68bf0000 - 0x00007ffd68bf9000 	C:\WINDOWS\SYSTEM32\WSOCK32.dll
0x00007ffd7da90000 - 0x00007ffd7dafb000 	C:\WINDOWS\System32\WS2_32.dll
0x00007ffd61180000 - 0x00007ffd6118f000 	C:\Program Files\Java\jdk1.8.0_201\jre\bin\verify.dll
0x00007ffd53fb0000 - 0x00007ffd53fd9000 	C:\Program Files\Java\jdk1.8.0_201\jre\bin\java.dll
0x00007ffd60b70000 - 0x00007ffd60b86000 	C:\Program Files\Java\jdk1.8.0_201\jre\bin\zip.dll
0x00007ffd7dbc0000 - 0x00007ffd7e301000 	C:\WINDOWS\System32\SHELL32.dll
0x00007ffd79a50000 - 0x00007ffd7a1e5000 	C:\WINDOWS\SYSTEM32\windows.storage.dll
0x00007ffd7e440000 - 0x00007ffd7e795000 	C:\WINDOWS\System32\combase.dll
0x00007ffd7b790000 - 0x00007ffd7b7bc000 	C:\WINDOWS\SYSTEM32\Wldp.dll
0x00007ffd7d9e0000 - 0x00007ffd7da8e000 	C:\WINDOWS\System32\SHCORE.dll
0x00007ffd7db00000 - 0x00007ffd7db55000 	C:\WINDOWS\System32\shlwapi.dll
0x00007ffd7be80000 - 0x00007ffd7bea6000 	C:\WINDOWS\SYSTEM32\profapi.dll
0x00007ffd5f480000 - 0x00007ffd5f49a000 	C:\Program Files\Java\jdk1.8.0_201\jre\bin\net.dll
0x00007ffd6c580000 - 0x00007ffd6c76d000 	C:\WINDOWS\SYSTEM32\urlmon.dll
0x00007ffd6ada0000 - 0x00007ffd6b050000 	C:\WINDOWS\SYSTEM32\iertutil.dll
0x00007ffd7b010000 - 0x00007ffd7b07a000 	C:\WINDOWS\system32\mswsock.dll
0x00007ffd5dc10000 - 0x00007ffd5dc21000 	C:\Program Files\Java\jdk1.8.0_201\jre\bin\nio.dll
0x00007ffd5db40000 - 0x00007ffd5db6a000 	C:\Users\Islam\.gradle\native\36\windows-amd64\native-platform.dll
0x00007ffd60fc0000 - 0x00007ffd60fcd000 	C:\Program Files\Java\jdk1.8.0_201\jre\bin\management.dll
0x00007ffd7bb40000 - 0x00007ffd7bb58000 	C:\WINDOWS\SYSTEM32\CRYPTSP.dll
0x00007ffd7a9a0000 - 0x00007ffd7a9d4000 	C:\WINDOWS\system32\rsaenh.dll
0x00007ffd7bf50000 - 0x00007ffd7bf77000 	C:\WINDOWS\System32\bcrypt.dll
0x00007ffd7be40000 - 0x00007ffd7be6e000 	C:\WINDOWS\SYSTEM32\USERENV.dll
0x00007ffd7c340000 - 0x00007ffd7c3bf000 	C:\WINDOWS\System32\bcryptprimitives.dll
0x00007ffd7b4e0000 - 0x00007ffd7b4ec000 	C:\WINDOWS\SYSTEM32\CRYPTBASE.dll
0x00007ffd7ace0000 - 0x00007ffd7ad1b000 	C:\WINDOWS\SYSTEM32\IPHLPAPI.DLL
0x00007ffd7d1c0000 - 0x00007ffd7d1c8000 	C:\WINDOWS\System32\NSI.dll
0x00007ffd79530000 - 0x00007ffd79547000 	C:\WINDOWS\SYSTEM32\dhcpcsvc6.DLL
0x00007ffd79510000 - 0x00007ffd7952d000 	C:\WINDOWS\SYSTEM32\dhcpcsvc.DLL
0x00007ffd7ad20000 - 0x00007ffd7adeb000 	C:\WINDOWS\SYSTEM32\DNSAPI.dll
0x00007ffd52850000 - 0x00007ffd52874000 	C:\Program Files\Java\jdk1.8.0_201\jre\bin\sunec.dll
0x00007ffd69d70000 - 0x00007ffd69d7a000 	C:\Windows\System32\rasadhlp.dll
0x00007ffd6a370000 - 0x00007ffd6a3ef000 	C:\WINDOWS\System32\fwpuclnt.dll
0x00007ffd60780000 - 0x00007ffd6078b000 	C:\Program Files\Java\jdk1.8.0_201\jre\bin\sunmscapi.dll
0x00007ffd7c470000 - 0x00007ffd7c5cd000 	C:\WINDOWS\System32\CRYPT32.dll
0x00007ffd790c0000 - 0x00007ffd79150000 	C:\WINDOWS\system32\apphelp.dll
0x00007ffd7b550000 - 0x00007ffd7b734000 	C:\WINDOWS\SYSTEM32\dbghelp.dll

VM Arguments:
jvm_args: -XX:MaxMetaspaceSize=256m -XX:+HeapDumpOnOutOfMemoryError -Xms256m -Xmx512m -Dfile.encoding=windows-1256 -Duser.country=US -Duser.language=en -Duser.variant 
java_command: org.gradle.launcher.daemon.bootstrap.GradleDaemon 6.2
java_class_path (initial): C:\Users\Islam\.gradle\wrapper\dists\gradle-6.2-all\dvufqs6kielxeao781pmk5huj\gradle-6.2\lib\gradle-launcher-6.2.jar
Launcher Type: SUN_STANDARD

Environment Variables:
CLASSPATH=D:\My Space\Learning space\React Native\react-native\learning\android\\gradle\wrapper\gradle-wrapper.jar
PATH=D:\My Space\Learning space\React Native\react-native\learning\android\node_modules\.bin;D:\My Space\Learning space\React Native\react-native\learning\node_modules\.bin;D:\My Space\Learning space\React Native\react-native\node_modules\.bin;D:\My Space\Learning space\React Native\node_modules\.bin;D:\My Space\Learning space\node_modules\.bin;D:\My Space\node_modules\.bin;D:\node_modules\.bin;C:\Program Files\nodejs;C:\Users\Islam\bin;C:\Program Files\Git\mingw64\bin;C:\Program Files\Git\usr\local\bin;C:\Program Files\Git\usr\bin;C:\Program Files\Git\usr\bin;C:\Program Files\Git\mingw64\bin;C:\Program Files\Git\usr\bin;C:\Users\Islam\bin;C:\Program Files (x86)\Common Files\Oracle\Java\javapath;C:\WINDOWS\system32;C:\WINDOWS;C:\WINDOWS\System32\Wbem;C:\WINDOWS\System32\WindowsPowerShell\v1.0;C:\WINDOWS\System32\OpenSSH;C:\Program Files\nodejs;C:\Program Files (x86)\Brackets\command;C:\Program Files\dotnet;C:\Program Files (x86)\Microsoft SQL Server\Client SDK\ODBC\110\Tools\Binn;C:\Program Files (x86)\Microsoft SQL Server\120\Tools\Binn;C:\Program Files (x86)\Microsoft SQL Server\120\DTS\Binn;C:\Program Files (x86)\Microsoft SQL Server\120\Tools\Binn\ManagementStudio;C:\Program Files\Git\cmd;C:\Users\Islam\AppData\Local\Microsoft\WindowsApps;C:\Users\Islam\AppData\Local\Programs\Microsoft VS Code\bin;C:\Users\Islam\AppData\Local\atom\bin;C:\Users\Islam\AppData\Roaming\npm;C:\Users\Islam\AppData\Local\Android\Sdk\platform-tools;%USERPROFILE%\AppData\Local\Microsoft\WindowsApps;C:\Program Files\Git\usr\bin\vendor_perl;C:\Program Files\Git\usr\bin\core_perl
USERNAME=Islam
SHELL=C:\Program Files\Git\usr\bin\bash.exe
DISPLAY=needs-to-be-defined
OS=Windows_NT
PROCESSOR_IDENTIFIER=Intel64 Family 6 Model 142 Stepping 9, GenuineIntel



---------------  S Y S T E M  ---------------

OS: Windows 10.0 , 64 bit Build 19041 (10.0.19041.546)

CPU:total 4 (initial active 4) (2 cores per cpu, 2 threads per core) family 6 model 142 stepping 9, cmov, cx8, fxsr, mmx, sse, sse2, sse3, ssse3, sse4.1, sse4.2, popcnt, avx, avx2, aes, clmul, erms, 3dnowpref, lzcnt, ht, tsc, tscinvbit, bmi1, bmi2, adx

Memory: 4k page, physical 8302416k(400720k free), swap 13965184k(2628348k free)

vm_info: Java HotSpot(TM) 64-Bit Server VM (25.201-b09) for windows-amd64 JRE (1.8.0_201-b09), built on Dec 15 2018 18:36:39 by "java_re" with MS VC++ 10.0 (VS2010)

time: Fri Jan 08 03:15:25 2021
timezone: Egypt Standard Time
elapsed time: 448 seconds (0d 0h 7m 28s)

